17:13:59.256 [main] DEBUG testcases.LogTest - i am from debug
17:13:59.261 [main] ERROR testcases.LogTest - i am from error
17:13:59.261 [main] INFO  testcases.LogTest - i am from info
17:13:59.262 [main] FATAL testcases.LogTest - i am from fatal===
17:14:16.362 [main] DEBUG testcases.LogTest - i am from debug
17:14:16.365 [main] ERROR testcases.LogTest - i am from error
17:14:16.365 [main] INFO  testcases.LogTest - i am from info
17:14:16.365 [main] FATAL testcases.LogTest - i am from fatal===
17:41:51.641 [main] INFO  testcases.LogTest - On Start: Test
17:42:16.394 [main] INFO  testcases.LogTest - createAccountTest001 test case started
17:42:16.394 [main] INFO  testcases.LogTest - Trying to find Element By : By.linkText: Sign in
17:42:16.458 [main] INFO  testcases.LogTest - Found Element By : By.linkText: Sign in
17:42:16.462 [main] INFO  testcases.LogTest - Trying to click on: [[ChromeDriver: chrome on WINDOWS (1c58416f5c3f538ce2d4b295b37e53cb)] -> link text: Sign in]
17:42:29.785 [main] INFO  testcases.LogTest - Clicked on: [[ChromeDriver: chrome on WINDOWS (1c58416f5c3f538ce2d4b295b37e53cb)] -> link text: Sign in]
17:42:29.785 [main] INFO  testcases.LogTest - Trying to find Element By : By.id: email_create
17:42:29.814 [main] INFO  testcases.LogTest - Found Element By : By.id: email_create
17:42:29.831 [main] INFO  testcases.LogTest - Trying to find Element By : By.id: email_create
17:42:29.856 [main] INFO  testcases.LogTest - Found Element By : By.id: email_create
17:42:30.029 [main] INFO  testcases.LogTest - Trying to find Element By : By.id: SubmitCreate
17:42:30.051 [main] INFO  testcases.LogTest - Found Element By : By.id: SubmitCreate
17:42:30.051 [main] INFO  testcases.LogTest - Trying to click on: [[ChromeDriver: chrome on WINDOWS (1c58416f5c3f538ce2d4b295b37e53cb)] -> id: SubmitCreate]
17:42:30.118 [main] INFO  testcases.LogTest - Clicked on: [[ChromeDriver: chrome on WINDOWS (1c58416f5c3f538ce2d4b295b37e53cb)] -> id: SubmitCreate]
17:42:30.120 [main] INFO  testcases.LogTest - The name of the testcase passed is :createAccountTest001
17:42:30.128 [main] INFO  testcases.LogTest - Trying to find Element By : By.linkText: Sign out
17:42:40.170 [main] INFO  testcases.LogTest - Exception occured: org.openqa.selenium.NoSuchElementException: no such element: Unable to locate element: {"method":"link text","selector":"Sign out"}
  (Session info: chrome=100.0.4896.127)
For documentation on this error, please visit: https://www.seleniumhq.org/exceptions/no_such_element.html
Build info: version: '3.141.59', revision: 'e82be7d358', time: '2018-11-14T08:17:03'
System info: host: 'KAPIL_NEWASKAR', ip: '192.168.225.181', os.name: 'Windows 11', os.arch: 'amd64', os.version: '10.0', java.version: '17.0.2'
Driver info: org.openqa.selenium.chrome.ChromeDriver
Capabilities {acceptInsecureCerts: false, browserName: chrome, browserVersion: 100.0.4896.127, chrome: {chromedriverVersion: 99.0.4844.51 (d537ec02474b5..., userDataDir: C:\Users\KAPILN~1\AppData\L...}, goog:chromeOptions: {debuggerAddress: localhost:50194}, javascriptEnabled: true, networkConnectionEnabled: false, pageLoadStrategy: normal, platform: WINDOWS, platformName: WINDOWS, proxy: Proxy(), setWindowRect: true, strictFileInteractability: false, timeouts: {implicit: 0, pageLoad: 300000, script: 30000}, unhandledPromptBehavior: dismiss and notify, webauthn:extension:credBlob: true, webauthn:extension:largeBlob: true, webauthn:virtualAuthenticators: true}
Session ID: 1c58416f5c3f538ce2d4b295b37e53cb
*** Element info: {Using=link text, value=Sign out}
17:42:40.175 [main] INFO  testcases.LogTest - signIn001 test case started
17:42:40.175 [main] INFO  testcases.LogTest - Trying to find Element By : By.linkText: Sign in
17:42:40.207 [main] INFO  testcases.LogTest - Found Element By : By.linkText: Sign in
17:42:40.207 [main] INFO  testcases.LogTest - Trying to click on: [[ChromeDriver: chrome on WINDOWS (1c58416f5c3f538ce2d4b295b37e53cb)] -> link text: Sign in]
17:42:54.379 [main] INFO  testcases.LogTest - Clicked on: [[ChromeDriver: chrome on WINDOWS (1c58416f5c3f538ce2d4b295b37e53cb)] -> link text: Sign in]
17:42:54.380 [main] INFO  testcases.LogTest - Trying to find Element By : By.id: SubmitLogin
17:42:54.410 [main] INFO  testcases.LogTest - Found Element By : By.id: SubmitLogin
17:42:54.445 [main] INFO  testcases.LogTest - Trying to find Element By : By.id: email
17:42:54.469 [main] INFO  testcases.LogTest - Found Element By : By.id: email
17:42:54.592 [main] INFO  testcases.LogTest - Trying to find Element By : By.id: passwd
17:42:54.613 [main] INFO  testcases.LogTest - Found Element By : By.id: passwd
17:42:54.711 [main] INFO  testcases.LogTest - Trying to find Element By : By.id: SubmitLogin
17:42:54.733 [main] INFO  testcases.LogTest - Found Element By : By.id: SubmitLogin
17:42:54.734 [main] INFO  testcases.LogTest - Trying to click on: [[ChromeDriver: chrome on WINDOWS (1c58416f5c3f538ce2d4b295b37e53cb)] -> id: SubmitLogin]
17:43:06.282 [main] INFO  testcases.LogTest - Clicked on: [[ChromeDriver: chrome on WINDOWS (1c58416f5c3f538ce2d4b295b37e53cb)] -> id: SubmitLogin]
17:43:06.283 [main] INFO  testcases.LogTest - The name of the testcase passed is :signIn001
17:43:06.285 [main] INFO  testcases.LogTest - Trying to find Element By : By.linkText: Sign out
17:43:06.320 [main] INFO  testcases.LogTest - Found Element By : By.linkText: Sign out
17:43:06.332 [main] INFO  testcases.LogTest - Trying to find Element By : By.linkText: Sign out
17:43:06.345 [main] INFO  testcases.LogTest - Found Element By : By.linkText: Sign out
17:43:06.345 [main] INFO  testcases.LogTest - Trying to click on: [[ChromeDriver: chrome on WINDOWS (1c58416f5c3f538ce2d4b295b37e53cb)] -> link text: Sign out]
17:43:11.275 [main] INFO  testcases.LogTest - Clicked on: [[ChromeDriver: chrome on WINDOWS (1c58416f5c3f538ce2d4b295b37e53cb)] -> link text: Sign out]
17:43:11.282 [main] INFO  testcases.LogTest - signIn002 test case started
17:43:11.283 [main] INFO  testcases.LogTest - Trying to find Element By : By.linkText: Sign in
17:43:11.305 [main] INFO  testcases.LogTest - Found Element By : By.linkText: Sign in
17:43:11.305 [main] INFO  testcases.LogTest - Trying to click on: [[ChromeDriver: chrome on WINDOWS (1c58416f5c3f538ce2d4b295b37e53cb)] -> link text: Sign in]
17:43:14.583 [main] INFO  testcases.LogTest - Clicked on: [[ChromeDriver: chrome on WINDOWS (1c58416f5c3f538ce2d4b295b37e53cb)] -> link text: Sign in]
17:43:14.591 [main] INFO  testcases.LogTest - Trying to find Element By : By.id: SubmitLogin
17:43:14.620 [main] INFO  testcases.LogTest - Found Element By : By.id: SubmitLogin
17:43:14.639 [main] INFO  testcases.LogTest - Trying to find Element By : By.id: email
17:43:14.665 [main] INFO  testcases.LogTest - Found Element By : By.id: email
17:43:14.832 [main] INFO  testcases.LogTest - Trying to find Element By : By.id: passwd
17:43:14.850 [main] INFO  testcases.LogTest - Found Element By : By.id: passwd
17:43:14.940 [main] INFO  testcases.LogTest - Trying to find Element By : By.id: SubmitLogin
17:43:14.953 [main] INFO  testcases.LogTest - Found Element By : By.id: SubmitLogin
17:43:14.953 [main] INFO  testcases.LogTest - Trying to click on: [[ChromeDriver: chrome on WINDOWS (1c58416f5c3f538ce2d4b295b37e53cb)] -> id: SubmitLogin]
17:43:16.940 [main] INFO  testcases.LogTest - Clicked on: [[ChromeDriver: chrome on WINDOWS (1c58416f5c3f538ce2d4b295b37e53cb)] -> id: SubmitLogin]
17:43:16.940 [main] INFO  testcases.LogTest - The name of the testcase passed is :signIn002
17:43:16.947 [main] INFO  testcases.LogTest - Trying to find Element By : By.linkText: Sign out
17:43:26.993 [main] INFO  testcases.LogTest - Exception occured: org.openqa.selenium.NoSuchElementException: no such element: Unable to locate element: {"method":"link text","selector":"Sign out"}
  (Session info: chrome=100.0.4896.127)
For documentation on this error, please visit: https://www.seleniumhq.org/exceptions/no_such_element.html
Build info: version: '3.141.59', revision: 'e82be7d358', time: '2018-11-14T08:17:03'
System info: host: 'KAPIL_NEWASKAR', ip: '192.168.225.181', os.name: 'Windows 11', os.arch: 'amd64', os.version: '10.0', java.version: '17.0.2'
Driver info: org.openqa.selenium.chrome.ChromeDriver
Capabilities {acceptInsecureCerts: false, browserName: chrome, browserVersion: 100.0.4896.127, chrome: {chromedriverVersion: 99.0.4844.51 (d537ec02474b5..., userDataDir: C:\Users\KAPILN~1\AppData\L...}, goog:chromeOptions: {debuggerAddress: localhost:50194}, javascriptEnabled: true, networkConnectionEnabled: false, pageLoadStrategy: normal, platform: WINDOWS, platformName: WINDOWS, proxy: Proxy(), setWindowRect: true, strictFileInteractability: false, timeouts: {implicit: 0, pageLoad: 300000, script: 30000}, unhandledPromptBehavior: dismiss and notify, webauthn:extension:credBlob: true, webauthn:extension:largeBlob: true, webauthn:virtualAuthenticators: true}
Session ID: 1c58416f5c3f538ce2d4b295b37e53cb
*** Element info: {Using=link text, value=Sign out}
17:43:37.740 [main] INFO  testcases.LogTest - search1 test case started
17:43:37.743 [main] INFO  testcases.LogTest - Trying to find Element By : By.id: search_query_top
17:43:37.771 [main] INFO  testcases.LogTest - Found Element By : By.id: search_query_top
17:43:37.815 [main] INFO  testcases.LogTest - Trying to find Element By : By.id: search_query_top
17:43:37.828 [main] INFO  testcases.LogTest - Found Element By : By.id: search_query_top
17:43:37.901 [main] INFO  testcases.LogTest - Trying to find Element By : By.name: submit_search
17:43:37.919 [main] INFO  testcases.LogTest - Found Element By : By.name: submit_search
17:43:37.922 [main] INFO  testcases.LogTest - Trying to click on: [[ChromeDriver: chrome on WINDOWS (87195c77558b174971c3faea21eb6acc)] -> name: submit_search]
17:43:40.143 [main] INFO  testcases.LogTest - Clicked on: [[ChromeDriver: chrome on WINDOWS (87195c77558b174971c3faea21eb6acc)] -> name: submit_search]
17:43:40.144 [main] INFO  testcases.LogTest - The name of the testcase passed is :search1
17:43:40.149 [main] INFO  testcases.LogTest - Trying to find Element By : By.linkText: Sign out
17:43:50.166 [main] INFO  testcases.LogTest - Exception occured: org.openqa.selenium.NoSuchElementException: no such element: Unable to locate element: {"method":"link text","selector":"Sign out"}
  (Session info: chrome=100.0.4896.127)
For documentation on this error, please visit: https://www.seleniumhq.org/exceptions/no_such_element.html
Build info: version: '3.141.59', revision: 'e82be7d358', time: '2018-11-14T08:17:03'
System info: host: 'KAPIL_NEWASKAR', ip: '192.168.225.181', os.name: 'Windows 11', os.arch: 'amd64', os.version: '10.0', java.version: '17.0.2'
Driver info: org.openqa.selenium.chrome.ChromeDriver
Capabilities {acceptInsecureCerts: false, browserName: chrome, browserVersion: 100.0.4896.127, chrome: {chromedriverVersion: 99.0.4844.51 (d537ec02474b5..., userDataDir: C:\Users\KAPILN~1\AppData\L...}, goog:chromeOptions: {debuggerAddress: localhost:50242}, javascriptEnabled: true, networkConnectionEnabled: false, pageLoadStrategy: normal, platform: WINDOWS, platformName: WINDOWS, proxy: Proxy(), setWindowRect: true, strictFileInteractability: false, timeouts: {implicit: 0, pageLoad: 300000, script: 30000}, unhandledPromptBehavior: dismiss and notify, webauthn:extension:credBlob: true, webauthn:extension:largeBlob: true, webauthn:virtualAuthenticators: true}
Session ID: 87195c77558b174971c3faea21eb6acc
*** Element info: {Using=link text, value=Sign out}
17:43:50.169 [main] INFO  testcases.LogTest - search2 test case started
17:43:50.171 [main] INFO  testcases.LogTest - Trying to find Element By : By.id: search_query_top
17:43:50.188 [main] INFO  testcases.LogTest - Found Element By : By.id: search_query_top
17:43:50.247 [main] INFO  testcases.LogTest - Trying to find Element By : By.id: search_query_top
17:43:50.258 [main] INFO  testcases.LogTest - Found Element By : By.id: search_query_top
17:43:50.323 [main] INFO  testcases.LogTest - Trying to find Element By : By.name: submit_search
17:43:50.348 [main] INFO  testcases.LogTest - Found Element By : By.name: submit_search
17:43:50.351 [main] INFO  testcases.LogTest - Trying to click on: [[ChromeDriver: chrome on WINDOWS (87195c77558b174971c3faea21eb6acc)] -> name: submit_search]
17:43:55.035 [main] INFO  testcases.LogTest - Clicked on: [[ChromeDriver: chrome on WINDOWS (87195c77558b174971c3faea21eb6acc)] -> name: submit_search]
17:43:55.036 [main] INFO  testcases.LogTest - The name of the testcase passed is :search2
17:43:55.039 [main] INFO  testcases.LogTest - Trying to find Element By : By.linkText: Sign out
17:44:05.140 [main] INFO  testcases.LogTest - Exception occured: org.openqa.selenium.NoSuchElementException: no such element: Unable to locate element: {"method":"link text","selector":"Sign out"}
  (Session info: chrome=100.0.4896.127)
For documentation on this error, please visit: https://www.seleniumhq.org/exceptions/no_such_element.html
Build info: version: '3.141.59', revision: 'e82be7d358', time: '2018-11-14T08:17:03'
System info: host: 'KAPIL_NEWASKAR', ip: '192.168.225.181', os.name: 'Windows 11', os.arch: 'amd64', os.version: '10.0', java.version: '17.0.2'
Driver info: org.openqa.selenium.chrome.ChromeDriver
Capabilities {acceptInsecureCerts: false, browserName: chrome, browserVersion: 100.0.4896.127, chrome: {chromedriverVersion: 99.0.4844.51 (d537ec02474b5..., userDataDir: C:\Users\KAPILN~1\AppData\L...}, goog:chromeOptions: {debuggerAddress: localhost:50242}, javascriptEnabled: true, networkConnectionEnabled: false, pageLoadStrategy: normal, platform: WINDOWS, platformName: WINDOWS, proxy: Proxy(), setWindowRect: true, strictFileInteractability: false, timeouts: {implicit: 0, pageLoad: 300000, script: 30000}, unhandledPromptBehavior: dismiss and notify, webauthn:extension:credBlob: true, webauthn:extension:largeBlob: true, webauthn:virtualAuthenticators: true}
Session ID: 87195c77558b174971c3faea21eb6acc
*** Element info: {Using=link text, value=Sign out}
17:44:05.143 [main] INFO  testcases.LogTest - search3 test case started
17:44:05.146 [main] INFO  testcases.LogTest - Trying to find Element By : By.id: search_query_top
17:44:05.168 [main] INFO  testcases.LogTest - Found Element By : By.id: search_query_top
17:44:05.219 [main] INFO  testcases.LogTest - Trying to find Element By : By.id: search_query_top
17:44:05.231 [main] INFO  testcases.LogTest - Found Element By : By.id: search_query_top
17:44:05.294 [main] INFO  testcases.LogTest - Trying to find Element By : By.name: submit_search
17:44:05.318 [main] INFO  testcases.LogTest - Found Element By : By.name: submit_search
17:44:05.318 [main] INFO  testcases.LogTest - Trying to click on: [[ChromeDriver: chrome on WINDOWS (87195c77558b174971c3faea21eb6acc)] -> name: submit_search]
17:44:09.670 [main] INFO  testcases.LogTest - Clicked on: [[ChromeDriver: chrome on WINDOWS (87195c77558b174971c3faea21eb6acc)] -> name: submit_search]
17:44:09.670 [main] INFO  testcases.LogTest - The name of the testcase passed is :search3
17:44:09.670 [main] INFO  testcases.LogTest - Trying to find Element By : By.linkText: Sign out
17:44:19.774 [main] INFO  testcases.LogTest - Exception occured: org.openqa.selenium.NoSuchElementException: no such element: Unable to locate element: {"method":"link text","selector":"Sign out"}
  (Session info: chrome=100.0.4896.127)
For documentation on this error, please visit: https://www.seleniumhq.org/exceptions/no_such_element.html
Build info: version: '3.141.59', revision: 'e82be7d358', time: '2018-11-14T08:17:03'
System info: host: 'KAPIL_NEWASKAR', ip: '192.168.225.181', os.name: 'Windows 11', os.arch: 'amd64', os.version: '10.0', java.version: '17.0.2'
Driver info: org.openqa.selenium.chrome.ChromeDriver
Capabilities {acceptInsecureCerts: false, browserName: chrome, browserVersion: 100.0.4896.127, chrome: {chromedriverVersion: 99.0.4844.51 (d537ec02474b5..., userDataDir: C:\Users\KAPILN~1\AppData\L...}, goog:chromeOptions: {debuggerAddress: localhost:50242}, javascriptEnabled: true, networkConnectionEnabled: false, pageLoadStrategy: normal, platform: WINDOWS, platformName: WINDOWS, proxy: Proxy(), setWindowRect: true, strictFileInteractability: false, timeouts: {implicit: 0, pageLoad: 300000, script: 30000}, unhandledPromptBehavior: dismiss and notify, webauthn:extension:credBlob: true, webauthn:extension:largeBlob: true, webauthn:virtualAuthenticators: true}
Session ID: 87195c77558b174971c3faea21eb6acc
*** Element info: {Using=link text, value=Sign out}
17:44:19.863 [main] INFO  testcases.LogTest - On Finish: Test
15:39:17.307 [main] INFO  testcases.LogTest - Trying to find Element By : By.id: search_query_top
15:39:17.461 [main] INFO  testcases.LogTest - Found Element By : By.id: search_query_top
15:39:17.668 [main] INFO  testcases.LogTest - Trying to find Element By : By.id: search_query_top
15:39:17.689 [main] INFO  testcases.LogTest - Found Element By : By.id: search_query_top
15:39:17.914 [main] INFO  testcases.LogTest - Trying to find Element By : By.name: submit_search
15:39:17.941 [main] INFO  testcases.LogTest - Found Element By : By.name: submit_search
15:39:17.941 [main] INFO  testcases.LogTest - Trying to click on: [[ChromeDriver: chrome on WINDOWS (7aeda9684ceec9a94416f307ede408dd)] -> name: submit_search]
15:39:20.701 [main] INFO  testcases.LogTest - Clicked on: [[ChromeDriver: chrome on WINDOWS (7aeda9684ceec9a94416f307ede408dd)] -> name: submit_search]
15:39:20.710 [main] INFO  testcases.LogTest - Trying to find Element By : By.linkText: Sign out
15:39:30.812 [main] INFO  testcases.LogTest - Exception occured: org.openqa.selenium.NoSuchElementException: no such element: Unable to locate element: {"method":"link text","selector":"Sign out"}
  (Session info: chrome=100.0.4896.127)
For documentation on this error, please visit: https://www.seleniumhq.org/exceptions/no_such_element.html
Build info: version: '3.141.59', revision: 'e82be7d358', time: '2018-11-14T08:17:03'
System info: host: 'KAPIL_NEWASKAR', ip: '192.168.225.181', os.name: 'Windows 11', os.arch: 'amd64', os.version: '10.0', java.version: '17.0.2'
Driver info: org.openqa.selenium.chrome.ChromeDriver
Capabilities {acceptInsecureCerts: false, browserName: chrome, browserVersion: 100.0.4896.127, chrome: {chromedriverVersion: 99.0.4844.51 (d537ec02474b5..., userDataDir: C:\Users\KAPILN~1\AppData\L...}, goog:chromeOptions: {debuggerAddress: localhost:51459}, javascriptEnabled: true, networkConnectionEnabled: false, pageLoadStrategy: normal, platform: WINDOWS, platformName: WINDOWS, proxy: Proxy(), setWindowRect: true, strictFileInteractability: false, timeouts: {implicit: 0, pageLoad: 300000, script: 30000}, unhandledPromptBehavior: dismiss and notify, webauthn:extension:credBlob: true, webauthn:extension:largeBlob: true, webauthn:virtualAuthenticators: true}
Session ID: 7aeda9684ceec9a94416f307ede408dd
*** Element info: {Using=link text, value=Sign out}
15:39:30.824 [main] INFO  testcases.LogTest - Trying to find Element By : By.id: search_query_top
15:39:30.842 [main] INFO  testcases.LogTest - Found Element By : By.id: search_query_top
15:39:30.883 [main] INFO  testcases.LogTest - Trying to find Element By : By.id: search_query_top
15:39:30.897 [main] INFO  testcases.LogTest - Found Element By : By.id: search_query_top
15:39:30.964 [main] INFO  testcases.LogTest - Trying to find Element By : By.name: submit_search
15:39:30.979 [main] INFO  testcases.LogTest - Found Element By : By.name: submit_search
15:39:30.979 [main] INFO  testcases.LogTest - Trying to click on: [[ChromeDriver: chrome on WINDOWS (7aeda9684ceec9a94416f307ede408dd)] -> name: submit_search]
15:39:33.059 [main] INFO  testcases.LogTest - Clicked on: [[ChromeDriver: chrome on WINDOWS (7aeda9684ceec9a94416f307ede408dd)] -> name: submit_search]
15:39:33.059 [main] INFO  testcases.LogTest - Trying to find Element By : By.linkText: Sign out
15:39:43.133 [main] INFO  testcases.LogTest - Exception occured: org.openqa.selenium.NoSuchElementException: no such element: Unable to locate element: {"method":"link text","selector":"Sign out"}
  (Session info: chrome=100.0.4896.127)
For documentation on this error, please visit: https://www.seleniumhq.org/exceptions/no_such_element.html
Build info: version: '3.141.59', revision: 'e82be7d358', time: '2018-11-14T08:17:03'
System info: host: 'KAPIL_NEWASKAR', ip: '192.168.225.181', os.name: 'Windows 11', os.arch: 'amd64', os.version: '10.0', java.version: '17.0.2'
Driver info: org.openqa.selenium.chrome.ChromeDriver
Capabilities {acceptInsecureCerts: false, browserName: chrome, browserVersion: 100.0.4896.127, chrome: {chromedriverVersion: 99.0.4844.51 (d537ec02474b5..., userDataDir: C:\Users\KAPILN~1\AppData\L...}, goog:chromeOptions: {debuggerAddress: localhost:51459}, javascriptEnabled: true, networkConnectionEnabled: false, pageLoadStrategy: normal, platform: WINDOWS, platformName: WINDOWS, proxy: Proxy(), setWindowRect: true, strictFileInteractability: false, timeouts: {implicit: 0, pageLoad: 300000, script: 30000}, unhandledPromptBehavior: dismiss and notify, webauthn:extension:credBlob: true, webauthn:extension:largeBlob: true, webauthn:virtualAuthenticators: true}
Session ID: 7aeda9684ceec9a94416f307ede408dd
*** Element info: {Using=link text, value=Sign out}
15:39:43.148 [main] INFO  testcases.LogTest - Trying to find Element By : By.id: search_query_top
15:39:43.194 [main] INFO  testcases.LogTest - Found Element By : By.id: search_query_top
15:39:43.240 [main] INFO  testcases.LogTest - Trying to find Element By : By.id: search_query_top
15:39:43.253 [main] INFO  testcases.LogTest - Found Element By : By.id: search_query_top
15:39:43.321 [main] INFO  testcases.LogTest - Trying to find Element By : By.name: submit_search
15:39:43.336 [main] INFO  testcases.LogTest - Found Element By : By.name: submit_search
15:39:43.337 [main] INFO  testcases.LogTest - Trying to click on: [[ChromeDriver: chrome on WINDOWS (7aeda9684ceec9a94416f307ede408dd)] -> name: submit_search]
15:39:45.692 [main] INFO  testcases.LogTest - Clicked on: [[ChromeDriver: chrome on WINDOWS (7aeda9684ceec9a94416f307ede408dd)] -> name: submit_search]
15:39:45.695 [main] INFO  testcases.LogTest - Trying to find Element By : By.linkText: Sign out
15:39:55.810 [main] INFO  testcases.LogTest - Exception occured: org.openqa.selenium.NoSuchElementException: no such element: Unable to locate element: {"method":"link text","selector":"Sign out"}
  (Session info: chrome=100.0.4896.127)
For documentation on this error, please visit: https://www.seleniumhq.org/exceptions/no_such_element.html
Build info: version: '3.141.59', revision: 'e82be7d358', time: '2018-11-14T08:17:03'
System info: host: 'KAPIL_NEWASKAR', ip: '192.168.225.181', os.name: 'Windows 11', os.arch: 'amd64', os.version: '10.0', java.version: '17.0.2'
Driver info: org.openqa.selenium.chrome.ChromeDriver
Capabilities {acceptInsecureCerts: false, browserName: chrome, browserVersion: 100.0.4896.127, chrome: {chromedriverVersion: 99.0.4844.51 (d537ec02474b5..., userDataDir: C:\Users\KAPILN~1\AppData\L...}, goog:chromeOptions: {debuggerAddress: localhost:51459}, javascriptEnabled: true, networkConnectionEnabled: false, pageLoadStrategy: normal, platform: WINDOWS, platformName: WINDOWS, proxy: Proxy(), setWindowRect: true, strictFileInteractability: false, timeouts: {implicit: 0, pageLoad: 300000, script: 30000}, unhandledPromptBehavior: dismiss and notify, webauthn:extension:credBlob: true, webauthn:extension:largeBlob: true, webauthn:virtualAuthenticators: true}
Session ID: 7aeda9684ceec9a94416f307ede408dd
*** Element info: {Using=link text, value=Sign out}
15:49:17.164 [main] INFO  testcases.LogTest - Trying to find Element By : By.linkText: Sign in
15:49:17.240 [main] INFO  testcases.LogTest - Found Element By : By.linkText: Sign in
15:49:17.250 [main] INFO  testcases.LogTest - Trying to click on: [[ChromeDriver: chrome on WINDOWS (ed859d6e2cba38980c2927264fb8b19d)] -> link text: Sign in]
15:49:19.725 [main] INFO  testcases.LogTest - Clicked on: [[ChromeDriver: chrome on WINDOWS (ed859d6e2cba38980c2927264fb8b19d)] -> link text: Sign in]
15:49:19.725 [main] INFO  testcases.LogTest - Trying to find Element By : By.id: SubmitLogin
15:49:19.751 [main] INFO  testcases.LogTest - Found Element By : By.id: SubmitLogin
15:49:19.782 [main] INFO  testcases.LogTest - Trying to find Element By : By.id: email
15:49:19.801 [main] INFO  testcases.LogTest - Found Element By : By.id: email
15:49:19.999 [main] INFO  testcases.LogTest - Trying to find Element By : By.id: passwd
15:49:20.035 [main] INFO  testcases.LogTest - Found Element By : By.id: passwd
15:49:20.151 [main] INFO  testcases.LogTest - Trying to find Element By : By.id: SubmitLogin
15:49:20.165 [main] INFO  testcases.LogTest - Found Element By : By.id: SubmitLogin
15:49:20.165 [main] INFO  testcases.LogTest - Trying to click on: [[ChromeDriver: chrome on WINDOWS (ed859d6e2cba38980c2927264fb8b19d)] -> id: SubmitLogin]
15:49:21.905 [main] INFO  testcases.LogTest - Clicked on: [[ChromeDriver: chrome on WINDOWS (ed859d6e2cba38980c2927264fb8b19d)] -> id: SubmitLogin]
15:49:21.905 [main] INFO  testcases.LogTest - Trying to find Element By : By.linkText: Sign out
15:49:31.986 [main] INFO  testcases.LogTest - Exception occured: org.openqa.selenium.NoSuchElementException: no such element: Unable to locate element: {"method":"link text","selector":"Sign out"}
  (Session info: chrome=100.0.4896.127)
For documentation on this error, please visit: https://www.seleniumhq.org/exceptions/no_such_element.html
Build info: version: '3.141.59', revision: 'e82be7d358', time: '2018-11-14T08:17:03'
System info: host: 'KAPIL_NEWASKAR', ip: '192.168.225.181', os.name: 'Windows 11', os.arch: 'amd64', os.version: '10.0', java.version: '17.0.2'
Driver info: org.openqa.selenium.chrome.ChromeDriver
Capabilities {acceptInsecureCerts: false, browserName: chrome, browserVersion: 100.0.4896.127, chrome: {chromedriverVersion: 99.0.4844.51 (d537ec02474b5..., userDataDir: C:\Users\KAPILN~1\AppData\L...}, goog:chromeOptions: {debuggerAddress: localhost:51523}, javascriptEnabled: true, networkConnectionEnabled: false, pageLoadStrategy: normal, platform: WINDOWS, platformName: WINDOWS, proxy: Proxy(), setWindowRect: true, strictFileInteractability: false, timeouts: {implicit: 0, pageLoad: 300000, script: 30000}, unhandledPromptBehavior: dismiss and notify, webauthn:extension:credBlob: true, webauthn:extension:largeBlob: true, webauthn:virtualAuthenticators: true}
Session ID: ed859d6e2cba38980c2927264fb8b19d
*** Element info: {Using=link text, value=Sign out}
15:49:32.006 [main] INFO  testcases.LogTest - Trying to find Element By : By.linkText: Sign out
15:49:34.950 [main] INFO  testcases.LogTest - Exception occured: org.openqa.selenium.NoSuchElementException: Cannot locate an element using link text=Sign out
For documentation on this error, please visit: https://www.seleniumhq.org/exceptions/no_such_element.html
Build info: version: '3.141.59', revision: 'e82be7d358', time: '2018-11-14T08:17:03'
System info: host: 'KAPIL_NEWASKAR', ip: '192.168.225.181', os.name: 'Windows 11', os.arch: 'amd64', os.version: '10.0', java.version: '17.0.2'
Driver info: driver.version: EventFiringWebDriver
15:49:34.994 [main] INFO  testcases.LogTest - Trying to find Element By : By.linkText: Sign in
15:49:35.019 [main] INFO  testcases.LogTest - Exception occured: org.openqa.selenium.NoSuchWindowException: no such window: target window already closed
from unknown error: web view not found
  (Session info: chrome=100.0.4896.127)
Build info: version: '3.141.59', revision: 'e82be7d358', time: '2018-11-14T08:17:03'
System info: host: 'KAPIL_NEWASKAR', ip: '192.168.225.181', os.name: 'Windows 11', os.arch: 'amd64', os.version: '10.0', java.version: '17.0.2'
Driver info: org.openqa.selenium.chrome.ChromeDriver
Capabilities {acceptInsecureCerts: false, browserName: chrome, browserVersion: 100.0.4896.127, chrome: {chromedriverVersion: 99.0.4844.51 (d537ec02474b5..., userDataDir: C:\Users\KAPILN~1\AppData\L...}, goog:chromeOptions: {debuggerAddress: localhost:51523}, javascriptEnabled: true, networkConnectionEnabled: false, pageLoadStrategy: normal, platform: WINDOWS, platformName: WINDOWS, proxy: Proxy(), setWindowRect: true, strictFileInteractability: false, timeouts: {implicit: 0, pageLoad: 300000, script: 30000}, unhandledPromptBehavior: dismiss and notify, webauthn:extension:credBlob: true, webauthn:extension:largeBlob: true, webauthn:virtualAuthenticators: true}
Session ID: ed859d6e2cba38980c2927264fb8b19d
*** Element info: {Using=link text, value=Sign in}
15:49:35.031 [main] INFO  testcases.LogTest - Trying to find Element By : By.linkText: Sign out
15:49:35.070 [main] INFO  testcases.LogTest - Exception occured: org.openqa.selenium.NoSuchWindowException: no such window: target window already closed
from unknown error: web view not found
  (Session info: chrome=100.0.4896.127)
Build info: version: '3.141.59', revision: 'e82be7d358', time: '2018-11-14T08:17:03'
System info: host: 'KAPIL_NEWASKAR', ip: '192.168.225.181', os.name: 'Windows 11', os.arch: 'amd64', os.version: '10.0', java.version: '17.0.2'
Driver info: org.openqa.selenium.chrome.ChromeDriver
Capabilities {acceptInsecureCerts: false, browserName: chrome, browserVersion: 100.0.4896.127, chrome: {chromedriverVersion: 99.0.4844.51 (d537ec02474b5..., userDataDir: C:\Users\KAPILN~1\AppData\L...}, goog:chromeOptions: {debuggerAddress: localhost:51523}, javascriptEnabled: true, networkConnectionEnabled: false, pageLoadStrategy: normal, platform: WINDOWS, platformName: WINDOWS, proxy: Proxy(), setWindowRect: true, strictFileInteractability: false, timeouts: {implicit: 0, pageLoad: 300000, script: 30000}, unhandledPromptBehavior: dismiss and notify, webauthn:extension:credBlob: true, webauthn:extension:largeBlob: true, webauthn:virtualAuthenticators: true}
Session ID: ed859d6e2cba38980c2927264fb8b19d
*** Element info: {Using=link text, value=Sign out}
15:51:26.251 [main] INFO  testcases.LogTest - Trying to find Element By : By.linkText: Sign in
15:51:26.313 [main] INFO  testcases.LogTest - Found Element By : By.linkText: Sign in
15:51:26.325 [main] INFO  testcases.LogTest - Trying to click on: [[ChromeDriver: chrome on WINDOWS (acd21111bb16eae894ec41a7e954208e)] -> link text: Sign in]
15:51:29.148 [main] INFO  testcases.LogTest - Clicked on: [[ChromeDriver: chrome on WINDOWS (acd21111bb16eae894ec41a7e954208e)] -> link text: Sign in]
15:51:29.148 [main] INFO  testcases.LogTest - Trying to find Element By : By.id: SubmitLogin
15:51:29.167 [main] INFO  testcases.LogTest - Found Element By : By.id: SubmitLogin
15:51:29.195 [main] INFO  testcases.LogTest - Trying to find Element By : By.id: email
15:51:29.222 [main] INFO  testcases.LogTest - Found Element By : By.id: email
15:51:29.550 [main] INFO  testcases.LogTest - Trying to find Element By : By.id: passwd
15:51:29.566 [main] INFO  testcases.LogTest - Found Element By : By.id: passwd
15:51:29.684 [main] INFO  testcases.LogTest - Trying to find Element By : By.id: SubmitLogin
15:51:29.701 [main] INFO  testcases.LogTest - Found Element By : By.id: SubmitLogin
15:51:29.704 [main] INFO  testcases.LogTest - Trying to click on: [[ChromeDriver: chrome on WINDOWS (acd21111bb16eae894ec41a7e954208e)] -> id: SubmitLogin]
15:51:31.355 [main] INFO  testcases.LogTest - Clicked on: [[ChromeDriver: chrome on WINDOWS (acd21111bb16eae894ec41a7e954208e)] -> id: SubmitLogin]
15:51:31.355 [main] INFO  testcases.LogTest - Trying to find Element By : By.linkText: Sign out
15:51:41.373 [main] INFO  testcases.LogTest - Exception occured: org.openqa.selenium.NoSuchElementException: no such element: Unable to locate element: {"method":"link text","selector":"Sign out"}
  (Session info: chrome=100.0.4896.127)
For documentation on this error, please visit: https://www.seleniumhq.org/exceptions/no_such_element.html
Build info: version: '3.141.59', revision: 'e82be7d358', time: '2018-11-14T08:17:03'
System info: host: 'KAPIL_NEWASKAR', ip: '192.168.225.181', os.name: 'Windows 11', os.arch: 'amd64', os.version: '10.0', java.version: '17.0.2'
Driver info: org.openqa.selenium.chrome.ChromeDriver
Capabilities {acceptInsecureCerts: false, browserName: chrome, browserVersion: 100.0.4896.127, chrome: {chromedriverVersion: 99.0.4844.51 (d537ec02474b5..., userDataDir: C:\Users\KAPILN~1\AppData\L...}, goog:chromeOptions: {debuggerAddress: localhost:51569}, javascriptEnabled: true, networkConnectionEnabled: false, pageLoadStrategy: normal, platform: WINDOWS, platformName: WINDOWS, proxy: Proxy(), setWindowRect: true, strictFileInteractability: false, timeouts: {implicit: 0, pageLoad: 300000, script: 30000}, unhandledPromptBehavior: dismiss and notify, webauthn:extension:credBlob: true, webauthn:extension:largeBlob: true, webauthn:virtualAuthenticators: true}
Session ID: acd21111bb16eae894ec41a7e954208e
*** Element info: {Using=link text, value=Sign out}
15:51:41.392 [main] INFO  testcases.LogTest - Trying to find Element By : By.linkText: Sign out
15:51:51.456 [main] INFO  testcases.LogTest - Exception occured: org.openqa.selenium.NoSuchElementException: no such element: Unable to locate element: {"method":"link text","selector":"Sign out"}
  (Session info: chrome=100.0.4896.127)
For documentation on this error, please visit: https://www.seleniumhq.org/exceptions/no_such_element.html
Build info: version: '3.141.59', revision: 'e82be7d358', time: '2018-11-14T08:17:03'
System info: host: 'KAPIL_NEWASKAR', ip: '192.168.225.181', os.name: 'Windows 11', os.arch: 'amd64', os.version: '10.0', java.version: '17.0.2'
Driver info: org.openqa.selenium.chrome.ChromeDriver
Capabilities {acceptInsecureCerts: false, browserName: chrome, browserVersion: 100.0.4896.127, chrome: {chromedriverVersion: 99.0.4844.51 (d537ec02474b5..., userDataDir: C:\Users\KAPILN~1\AppData\L...}, goog:chromeOptions: {debuggerAddress: localhost:51569}, javascriptEnabled: true, networkConnectionEnabled: false, pageLoadStrategy: normal, platform: WINDOWS, platformName: WINDOWS, proxy: Proxy(), setWindowRect: true, strictFileInteractability: false, timeouts: {implicit: 0, pageLoad: 300000, script: 30000}, unhandledPromptBehavior: dismiss and notify, webauthn:extension:credBlob: true, webauthn:extension:largeBlob: true, webauthn:virtualAuthenticators: true}
Session ID: acd21111bb16eae894ec41a7e954208e
*** Element info: {Using=link text, value=Sign out}
15:51:51.459 [main] INFO  testcases.LogTest - Trying to find Element By : By.linkText: Sign in
15:51:51.485 [main] INFO  testcases.LogTest - Found Element By : By.linkText: Sign in
15:51:51.485 [main] INFO  testcases.LogTest - Trying to click on: [[ChromeDriver: chrome on WINDOWS (acd21111bb16eae894ec41a7e954208e)] -> link text: Sign in]
15:51:54.094 [main] INFO  testcases.LogTest - Clicked on: [[ChromeDriver: chrome on WINDOWS (acd21111bb16eae894ec41a7e954208e)] -> link text: Sign in]
15:51:54.094 [main] INFO  testcases.LogTest - Trying to find Element By : By.id: SubmitLogin
15:51:54.120 [main] INFO  testcases.LogTest - Found Element By : By.id: SubmitLogin
15:51:54.143 [main] INFO  testcases.LogTest - Trying to find Element By : By.id: email
15:51:54.167 [main] INFO  testcases.LogTest - Found Element By : By.id: email
15:51:54.356 [main] INFO  testcases.LogTest - Trying to find Element By : By.id: passwd
15:51:54.380 [main] INFO  testcases.LogTest - Found Element By : By.id: passwd
15:51:54.483 [main] INFO  testcases.LogTest - Trying to find Element By : By.id: SubmitLogin
15:51:54.499 [main] INFO  testcases.LogTest - Found Element By : By.id: SubmitLogin
15:51:54.499 [main] INFO  testcases.LogTest - Trying to click on: [[ChromeDriver: chrome on WINDOWS (acd21111bb16eae894ec41a7e954208e)] -> id: SubmitLogin]
15:51:56.198 [main] INFO  testcases.LogTest - Clicked on: [[ChromeDriver: chrome on WINDOWS (acd21111bb16eae894ec41a7e954208e)] -> id: SubmitLogin]
15:51:56.198 [main] INFO  testcases.LogTest - Trying to find Element By : By.linkText: Sign out
15:52:06.278 [main] INFO  testcases.LogTest - Exception occured: org.openqa.selenium.NoSuchElementException: no such element: Unable to locate element: {"method":"link text","selector":"Sign out"}
  (Session info: chrome=100.0.4896.127)
For documentation on this error, please visit: https://www.seleniumhq.org/exceptions/no_such_element.html
Build info: version: '3.141.59', revision: 'e82be7d358', time: '2018-11-14T08:17:03'
System info: host: 'KAPIL_NEWASKAR', ip: '192.168.225.181', os.name: 'Windows 11', os.arch: 'amd64', os.version: '10.0', java.version: '17.0.2'
Driver info: org.openqa.selenium.chrome.ChromeDriver
Capabilities {acceptInsecureCerts: false, browserName: chrome, browserVersion: 100.0.4896.127, chrome: {chromedriverVersion: 99.0.4844.51 (d537ec02474b5..., userDataDir: C:\Users\KAPILN~1\AppData\L...}, goog:chromeOptions: {debuggerAddress: localhost:51569}, javascriptEnabled: true, networkConnectionEnabled: false, pageLoadStrategy: normal, platform: WINDOWS, platformName: WINDOWS, proxy: Proxy(), setWindowRect: true, strictFileInteractability: false, timeouts: {implicit: 0, pageLoad: 300000, script: 30000}, unhandledPromptBehavior: dismiss and notify, webauthn:extension:credBlob: true, webauthn:extension:largeBlob: true, webauthn:virtualAuthenticators: true}
Session ID: acd21111bb16eae894ec41a7e954208e
*** Element info: {Using=link text, value=Sign out}
15:52:06.278 [main] INFO  testcases.LogTest - Trying to find Element By : By.linkText: Sign out
15:52:16.375 [main] INFO  testcases.LogTest - Exception occured: org.openqa.selenium.NoSuchElementException: no such element: Unable to locate element: {"method":"link text","selector":"Sign out"}
  (Session info: chrome=100.0.4896.127)
For documentation on this error, please visit: https://www.seleniumhq.org/exceptions/no_such_element.html
Build info: version: '3.141.59', revision: 'e82be7d358', time: '2018-11-14T08:17:03'
System info: host: 'KAPIL_NEWASKAR', ip: '192.168.225.181', os.name: 'Windows 11', os.arch: 'amd64', os.version: '10.0', java.version: '17.0.2'
Driver info: org.openqa.selenium.chrome.ChromeDriver
Capabilities {acceptInsecureCerts: false, browserName: chrome, browserVersion: 100.0.4896.127, chrome: {chromedriverVersion: 99.0.4844.51 (d537ec02474b5..., userDataDir: C:\Users\KAPILN~1\AppData\L...}, goog:chromeOptions: {debuggerAddress: localhost:51569}, javascriptEnabled: true, networkConnectionEnabled: false, pageLoadStrategy: normal, platform: WINDOWS, platformName: WINDOWS, proxy: Proxy(), setWindowRect: true, strictFileInteractability: false, timeouts: {implicit: 0, pageLoad: 300000, script: 30000}, unhandledPromptBehavior: dismiss and notify, webauthn:extension:credBlob: true, webauthn:extension:largeBlob: true, webauthn:virtualAuthenticators: true}
Session ID: acd21111bb16eae894ec41a7e954208e
*** Element info: {Using=link text, value=Sign out}
16:06:44.186 [main] INFO  testcases.LogTest - Trying to find Element By : By.linkText: Sign in
16:06:44.258 [main] INFO  testcases.LogTest - Found Element By : By.linkText: Sign in
16:06:44.258 [main] INFO  testcases.LogTest - Trying to click on: [[ChromeDriver: chrome on WINDOWS (5a39ba7021d694b1e160242956b95859)] -> link text: Sign in]
16:06:47.581 [main] INFO  testcases.LogTest - Clicked on: [[ChromeDriver: chrome on WINDOWS (5a39ba7021d694b1e160242956b95859)] -> link text: Sign in]
16:06:47.582 [main] INFO  testcases.LogTest - Trying to find Element By : By.id: SubmitLogin
16:06:47.601 [main] INFO  testcases.LogTest - Found Element By : By.id: SubmitLogin
16:06:47.645 [main] INFO  testcases.LogTest - Trying to find Element By : By.id: email
16:06:47.704 [main] INFO  testcases.LogTest - Found Element By : By.id: email
16:06:47.893 [main] INFO  testcases.LogTest - Trying to find Element By : By.id: passwd
16:06:47.920 [main] INFO  testcases.LogTest - Found Element By : By.id: passwd
16:06:48.032 [main] INFO  testcases.LogTest - Trying to find Element By : By.id: SubmitLogin
16:06:48.044 [main] INFO  testcases.LogTest - Found Element By : By.id: SubmitLogin
16:06:48.045 [main] INFO  testcases.LogTest - Trying to click on: [[ChromeDriver: chrome on WINDOWS (5a39ba7021d694b1e160242956b95859)] -> id: SubmitLogin]
16:06:49.728 [main] INFO  testcases.LogTest - Clicked on: [[ChromeDriver: chrome on WINDOWS (5a39ba7021d694b1e160242956b95859)] -> id: SubmitLogin]
16:06:49.729 [main] INFO  testcases.LogTest - Trying to find Element By : By.linkText: Sign out
16:06:59.827 [main] INFO  testcases.LogTest - Exception occured: org.openqa.selenium.NoSuchElementException: no such element: Unable to locate element: {"method":"link text","selector":"Sign out"}
  (Session info: chrome=100.0.4896.127)
For documentation on this error, please visit: https://www.seleniumhq.org/exceptions/no_such_element.html
Build info: version: '3.141.59', revision: 'e82be7d358', time: '2018-11-14T08:17:03'
System info: host: 'KAPIL_NEWASKAR', ip: '192.168.225.181', os.name: 'Windows 11', os.arch: 'amd64', os.version: '10.0', java.version: '17.0.2'
Driver info: org.openqa.selenium.chrome.ChromeDriver
Capabilities {acceptInsecureCerts: false, browserName: chrome, browserVersion: 100.0.4896.127, chrome: {chromedriverVersion: 99.0.4844.51 (d537ec02474b5..., userDataDir: C:\Users\KAPILN~1\AppData\L...}, goog:chromeOptions: {debuggerAddress: localhost:51631}, javascriptEnabled: true, networkConnectionEnabled: false, pageLoadStrategy: normal, platform: WINDOWS, platformName: WINDOWS, proxy: Proxy(), setWindowRect: true, strictFileInteractability: false, timeouts: {implicit: 0, pageLoad: 300000, script: 30000}, unhandledPromptBehavior: dismiss and notify, webauthn:extension:credBlob: true, webauthn:extension:largeBlob: true, webauthn:virtualAuthenticators: true}
Session ID: 5a39ba7021d694b1e160242956b95859
*** Element info: {Using=link text, value=Sign out}
16:06:59.842 [main] INFO  testcases.LogTest - Trying to find Element By : By.linkText: Sign out
16:07:09.874 [main] INFO  testcases.LogTest - Exception occured: org.openqa.selenium.NoSuchElementException: no such element: Unable to locate element: {"method":"link text","selector":"Sign out"}
  (Session info: chrome=100.0.4896.127)
For documentation on this error, please visit: https://www.seleniumhq.org/exceptions/no_such_element.html
Build info: version: '3.141.59', revision: 'e82be7d358', time: '2018-11-14T08:17:03'
System info: host: 'KAPIL_NEWASKAR', ip: '192.168.225.181', os.name: 'Windows 11', os.arch: 'amd64', os.version: '10.0', java.version: '17.0.2'
Driver info: org.openqa.selenium.chrome.ChromeDriver
Capabilities {acceptInsecureCerts: false, browserName: chrome, browserVersion: 100.0.4896.127, chrome: {chromedriverVersion: 99.0.4844.51 (d537ec02474b5..., userDataDir: C:\Users\KAPILN~1\AppData\L...}, goog:chromeOptions: {debuggerAddress: localhost:51631}, javascriptEnabled: true, networkConnectionEnabled: false, pageLoadStrategy: normal, platform: WINDOWS, platformName: WINDOWS, proxy: Proxy(), setWindowRect: true, strictFileInteractability: false, timeouts: {implicit: 0, pageLoad: 300000, script: 30000}, unhandledPromptBehavior: dismiss and notify, webauthn:extension:credBlob: true, webauthn:extension:largeBlob: true, webauthn:virtualAuthenticators: true}
Session ID: 5a39ba7021d694b1e160242956b95859
*** Element info: {Using=link text, value=Sign out}
16:07:10.600 [main] INFO  testcases.LogTest - Trying to find Element By : By.linkText: Sign in
16:07:10.633 [main] INFO  testcases.LogTest - Found Element By : By.linkText: Sign in
16:07:10.633 [main] INFO  testcases.LogTest - Trying to click on: [[ChromeDriver: chrome on WINDOWS (5a39ba7021d694b1e160242956b95859)] -> link text: Sign in]
16:07:13.593 [main] INFO  testcases.LogTest - Clicked on: [[ChromeDriver: chrome on WINDOWS (5a39ba7021d694b1e160242956b95859)] -> link text: Sign in]
16:07:13.594 [main] INFO  testcases.LogTest - Trying to find Element By : By.id: SubmitLogin
16:07:13.636 [main] INFO  testcases.LogTest - Found Element By : By.id: SubmitLogin
16:07:13.653 [main] INFO  testcases.LogTest - Trying to find Element By : By.id: email
16:07:13.677 [main] INFO  testcases.LogTest - Found Element By : By.id: email
16:07:13.776 [main] INFO  testcases.LogTest - Trying to find Element By : By.id: passwd
16:07:13.793 [main] INFO  testcases.LogTest - Found Element By : By.id: passwd
16:07:13.921 [main] INFO  testcases.LogTest - Trying to find Element By : By.id: SubmitLogin
16:07:13.937 [main] INFO  testcases.LogTest - Found Element By : By.id: SubmitLogin
16:07:13.937 [main] INFO  testcases.LogTest - Trying to click on: [[ChromeDriver: chrome on WINDOWS (5a39ba7021d694b1e160242956b95859)] -> id: SubmitLogin]
16:07:15.870 [main] INFO  testcases.LogTest - Clicked on: [[ChromeDriver: chrome on WINDOWS (5a39ba7021d694b1e160242956b95859)] -> id: SubmitLogin]
16:07:15.870 [main] INFO  testcases.LogTest - Trying to find Element By : By.linkText: Sign out
16:07:25.967 [main] INFO  testcases.LogTest - Exception occured: org.openqa.selenium.NoSuchElementException: no such element: Unable to locate element: {"method":"link text","selector":"Sign out"}
  (Session info: chrome=100.0.4896.127)
For documentation on this error, please visit: https://www.seleniumhq.org/exceptions/no_such_element.html
Build info: version: '3.141.59', revision: 'e82be7d358', time: '2018-11-14T08:17:03'
System info: host: 'KAPIL_NEWASKAR', ip: '192.168.225.181', os.name: 'Windows 11', os.arch: 'amd64', os.version: '10.0', java.version: '17.0.2'
Driver info: org.openqa.selenium.chrome.ChromeDriver
Capabilities {acceptInsecureCerts: false, browserName: chrome, browserVersion: 100.0.4896.127, chrome: {chromedriverVersion: 99.0.4844.51 (d537ec02474b5..., userDataDir: C:\Users\KAPILN~1\AppData\L...}, goog:chromeOptions: {debuggerAddress: localhost:51631}, javascriptEnabled: true, networkConnectionEnabled: false, pageLoadStrategy: normal, platform: WINDOWS, platformName: WINDOWS, proxy: Proxy(), setWindowRect: true, strictFileInteractability: false, timeouts: {implicit: 0, pageLoad: 300000, script: 30000}, unhandledPromptBehavior: dismiss and notify, webauthn:extension:credBlob: true, webauthn:extension:largeBlob: true, webauthn:virtualAuthenticators: true}
Session ID: 5a39ba7021d694b1e160242956b95859
*** Element info: {Using=link text, value=Sign out}
16:07:25.974 [main] INFO  testcases.LogTest - Trying to find Element By : By.linkText: Sign out
16:07:36.044 [main] INFO  testcases.LogTest - Exception occured: org.openqa.selenium.NoSuchElementException: no such element: Unable to locate element: {"method":"link text","selector":"Sign out"}
  (Session info: chrome=100.0.4896.127)
For documentation on this error, please visit: https://www.seleniumhq.org/exceptions/no_such_element.html
Build info: version: '3.141.59', revision: 'e82be7d358', time: '2018-11-14T08:17:03'
System info: host: 'KAPIL_NEWASKAR', ip: '192.168.225.181', os.name: 'Windows 11', os.arch: 'amd64', os.version: '10.0', java.version: '17.0.2'
Driver info: org.openqa.selenium.chrome.ChromeDriver
Capabilities {acceptInsecureCerts: false, browserName: chrome, browserVersion: 100.0.4896.127, chrome: {chromedriverVersion: 99.0.4844.51 (d537ec02474b5..., userDataDir: C:\Users\KAPILN~1\AppData\L...}, goog:chromeOptions: {debuggerAddress: localhost:51631}, javascriptEnabled: true, networkConnectionEnabled: false, pageLoadStrategy: normal, platform: WINDOWS, platformName: WINDOWS, proxy: Proxy(), setWindowRect: true, strictFileInteractability: false, timeouts: {implicit: 0, pageLoad: 300000, script: 30000}, unhandledPromptBehavior: dismiss and notify, webauthn:extension:credBlob: true, webauthn:extension:largeBlob: true, webauthn:virtualAuthenticators: true}
Session ID: 5a39ba7021d694b1e160242956b95859
*** Element info: {Using=link text, value=Sign out}
16:08:32.286 [main] INFO  testcases.LogTest - Trying to find Element By : By.linkText: Sign in
16:08:32.342 [main] INFO  testcases.LogTest - Found Element By : By.linkText: Sign in
16:08:32.342 [main] INFO  testcases.LogTest - Trying to click on: [[ChromeDriver: chrome on WINDOWS (9c8d22baf7f48c975a560c5166a7da74)] -> link text: Sign in]
16:08:35.092 [main] INFO  testcases.LogTest - Clicked on: [[ChromeDriver: chrome on WINDOWS (9c8d22baf7f48c975a560c5166a7da74)] -> link text: Sign in]
16:08:35.092 [main] INFO  testcases.LogTest - Trying to find Element By : By.id: SubmitLogin
16:08:35.118 [main] INFO  testcases.LogTest - Found Element By : By.id: SubmitLogin
16:08:35.139 [main] INFO  testcases.LogTest - Trying to find Element By : By.id: email
16:08:35.166 [main] INFO  testcases.LogTest - Found Element By : By.id: email
16:08:35.397 [main] INFO  testcases.LogTest - Trying to find Element By : By.id: passwd
16:08:35.415 [main] INFO  testcases.LogTest - Found Element By : By.id: passwd
16:08:35.521 [main] INFO  testcases.LogTest - Trying to find Element By : By.id: SubmitLogin
16:08:35.534 [main] INFO  testcases.LogTest - Found Element By : By.id: SubmitLogin
16:08:35.537 [main] INFO  testcases.LogTest - Trying to click on: [[ChromeDriver: chrome on WINDOWS (9c8d22baf7f48c975a560c5166a7da74)] -> id: SubmitLogin]
16:08:36.991 [main] INFO  testcases.LogTest - Clicked on: [[ChromeDriver: chrome on WINDOWS (9c8d22baf7f48c975a560c5166a7da74)] -> id: SubmitLogin]
16:08:36.991 [main] INFO  testcases.LogTest - Trying to find Element By : By.linkText: Sign out
16:08:47.097 [main] INFO  testcases.LogTest - Exception occured: org.openqa.selenium.NoSuchElementException: no such element: Unable to locate element: {"method":"link text","selector":"Sign out"}
  (Session info: chrome=100.0.4896.127)
For documentation on this error, please visit: https://www.seleniumhq.org/exceptions/no_such_element.html
Build info: version: '3.141.59', revision: 'e82be7d358', time: '2018-11-14T08:17:03'
System info: host: 'KAPIL_NEWASKAR', ip: '192.168.225.181', os.name: 'Windows 11', os.arch: 'amd64', os.version: '10.0', java.version: '17.0.2'
Driver info: org.openqa.selenium.chrome.ChromeDriver
Capabilities {acceptInsecureCerts: false, browserName: chrome, browserVersion: 100.0.4896.127, chrome: {chromedriverVersion: 99.0.4844.51 (d537ec02474b5..., userDataDir: C:\Users\KAPILN~1\AppData\L...}, goog:chromeOptions: {debuggerAddress: localhost:51689}, javascriptEnabled: true, networkConnectionEnabled: false, pageLoadStrategy: normal, platform: WINDOWS, platformName: WINDOWS, proxy: Proxy(), setWindowRect: true, strictFileInteractability: false, timeouts: {implicit: 0, pageLoad: 300000, script: 30000}, unhandledPromptBehavior: dismiss and notify, webauthn:extension:credBlob: true, webauthn:extension:largeBlob: true, webauthn:virtualAuthenticators: true}
Session ID: 9c8d22baf7f48c975a560c5166a7da74
*** Element info: {Using=link text, value=Sign out}
16:08:47.117 [main] INFO  testcases.LogTest - Trying to find Element By : By.linkText: Sign out
16:08:57.251 [main] INFO  testcases.LogTest - Exception occured: org.openqa.selenium.NoSuchElementException: no such element: Unable to locate element: {"method":"link text","selector":"Sign out"}
  (Session info: chrome=100.0.4896.127)
For documentation on this error, please visit: https://www.seleniumhq.org/exceptions/no_such_element.html
Build info: version: '3.141.59', revision: 'e82be7d358', time: '2018-11-14T08:17:03'
System info: host: 'KAPIL_NEWASKAR', ip: '192.168.225.181', os.name: 'Windows 11', os.arch: 'amd64', os.version: '10.0', java.version: '17.0.2'
Driver info: org.openqa.selenium.chrome.ChromeDriver
Capabilities {acceptInsecureCerts: false, browserName: chrome, browserVersion: 100.0.4896.127, chrome: {chromedriverVersion: 99.0.4844.51 (d537ec02474b5..., userDataDir: C:\Users\KAPILN~1\AppData\L...}, goog:chromeOptions: {debuggerAddress: localhost:51689}, javascriptEnabled: true, networkConnectionEnabled: false, pageLoadStrategy: normal, platform: WINDOWS, platformName: WINDOWS, proxy: Proxy(), setWindowRect: true, strictFileInteractability: false, timeouts: {implicit: 0, pageLoad: 300000, script: 30000}, unhandledPromptBehavior: dismiss and notify, webauthn:extension:credBlob: true, webauthn:extension:largeBlob: true, webauthn:virtualAuthenticators: true}
Session ID: 9c8d22baf7f48c975a560c5166a7da74
*** Element info: {Using=link text, value=Sign out}
16:08:57.765 [main] INFO  testcases.LogTest - Trying to find Element By : By.linkText: Sign in
16:08:57.794 [main] INFO  testcases.LogTest - Found Element By : By.linkText: Sign in
16:08:57.794 [main] INFO  testcases.LogTest - Trying to click on: [[ChromeDriver: chrome on WINDOWS (9c8d22baf7f48c975a560c5166a7da74)] -> link text: Sign in]
16:09:01.189 [main] INFO  testcases.LogTest - Clicked on: [[ChromeDriver: chrome on WINDOWS (9c8d22baf7f48c975a560c5166a7da74)] -> link text: Sign in]
16:09:01.189 [main] INFO  testcases.LogTest - Trying to find Element By : By.id: SubmitLogin
16:09:01.211 [main] INFO  testcases.LogTest - Found Element By : By.id: SubmitLogin
16:09:01.230 [main] INFO  testcases.LogTest - Trying to find Element By : By.id: email
16:09:01.253 [main] INFO  testcases.LogTest - Found Element By : By.id: email
16:09:01.410 [main] INFO  testcases.LogTest - Trying to find Element By : By.id: passwd
16:09:01.427 [main] INFO  testcases.LogTest - Found Element By : By.id: passwd
16:09:01.541 [main] INFO  testcases.LogTest - Trying to find Element By : By.id: SubmitLogin
16:09:01.553 [main] INFO  testcases.LogTest - Found Element By : By.id: SubmitLogin
16:09:01.553 [main] INFO  testcases.LogTest - Trying to click on: [[ChromeDriver: chrome on WINDOWS (9c8d22baf7f48c975a560c5166a7da74)] -> id: SubmitLogin]
16:09:02.878 [main] INFO  testcases.LogTest - Clicked on: [[ChromeDriver: chrome on WINDOWS (9c8d22baf7f48c975a560c5166a7da74)] -> id: SubmitLogin]
16:09:02.886 [main] INFO  testcases.LogTest - Trying to find Element By : By.linkText: Sign out
16:09:12.950 [main] INFO  testcases.LogTest - Exception occured: org.openqa.selenium.NoSuchElementException: no such element: Unable to locate element: {"method":"link text","selector":"Sign out"}
  (Session info: chrome=100.0.4896.127)
For documentation on this error, please visit: https://www.seleniumhq.org/exceptions/no_such_element.html
Build info: version: '3.141.59', revision: 'e82be7d358', time: '2018-11-14T08:17:03'
System info: host: 'KAPIL_NEWASKAR', ip: '192.168.225.181', os.name: 'Windows 11', os.arch: 'amd64', os.version: '10.0', java.version: '17.0.2'
Driver info: org.openqa.selenium.chrome.ChromeDriver
Capabilities {acceptInsecureCerts: false, browserName: chrome, browserVersion: 100.0.4896.127, chrome: {chromedriverVersion: 99.0.4844.51 (d537ec02474b5..., userDataDir: C:\Users\KAPILN~1\AppData\L...}, goog:chromeOptions: {debuggerAddress: localhost:51689}, javascriptEnabled: true, networkConnectionEnabled: false, pageLoadStrategy: normal, platform: WINDOWS, platformName: WINDOWS, proxy: Proxy(), setWindowRect: true, strictFileInteractability: false, timeouts: {implicit: 0, pageLoad: 300000, script: 30000}, unhandledPromptBehavior: dismiss and notify, webauthn:extension:credBlob: true, webauthn:extension:largeBlob: true, webauthn:virtualAuthenticators: true}
Session ID: 9c8d22baf7f48c975a560c5166a7da74
*** Element info: {Using=link text, value=Sign out}
16:09:12.950 [main] INFO  testcases.LogTest - Trying to find Element By : By.linkText: Sign out
16:09:23.055 [main] INFO  testcases.LogTest - Exception occured: org.openqa.selenium.NoSuchElementException: no such element: Unable to locate element: {"method":"link text","selector":"Sign out"}
  (Session info: chrome=100.0.4896.127)
For documentation on this error, please visit: https://www.seleniumhq.org/exceptions/no_such_element.html
Build info: version: '3.141.59', revision: 'e82be7d358', time: '2018-11-14T08:17:03'
System info: host: 'KAPIL_NEWASKAR', ip: '192.168.225.181', os.name: 'Windows 11', os.arch: 'amd64', os.version: '10.0', java.version: '17.0.2'
Driver info: org.openqa.selenium.chrome.ChromeDriver
Capabilities {acceptInsecureCerts: false, browserName: chrome, browserVersion: 100.0.4896.127, chrome: {chromedriverVersion: 99.0.4844.51 (d537ec02474b5..., userDataDir: C:\Users\KAPILN~1\AppData\L...}, goog:chromeOptions: {debuggerAddress: localhost:51689}, javascriptEnabled: true, networkConnectionEnabled: false, pageLoadStrategy: normal, platform: WINDOWS, platformName: WINDOWS, proxy: Proxy(), setWindowRect: true, strictFileInteractability: false, timeouts: {implicit: 0, pageLoad: 300000, script: 30000}, unhandledPromptBehavior: dismiss and notify, webauthn:extension:credBlob: true, webauthn:extension:largeBlob: true, webauthn:virtualAuthenticators: true}
Session ID: 9c8d22baf7f48c975a560c5166a7da74
*** Element info: {Using=link text, value=Sign out}
16:15:41.641 [main] INFO  testcases.LogTest - Trying to find Element By : By.linkText: Sign in
16:15:41.691 [main] INFO  testcases.LogTest - Found Element By : By.linkText: Sign in
16:15:41.698 [main] INFO  testcases.LogTest - Trying to click on: [[ChromeDriver: chrome on WINDOWS (201110ee41da63e3811cdd270b0cf2f5)] -> link text: Sign in]
16:15:44.133 [main] INFO  testcases.LogTest - Clicked on: [[ChromeDriver: chrome on WINDOWS (201110ee41da63e3811cdd270b0cf2f5)] -> link text: Sign in]
16:15:44.134 [main] INFO  testcases.LogTest - Trying to find Element By : By.id: SubmitLogin
16:15:44.149 [main] INFO  testcases.LogTest - Found Element By : By.id: SubmitLogin
16:15:44.171 [main] INFO  testcases.LogTest - Trying to find Element By : By.id: email
16:15:44.189 [main] INFO  testcases.LogTest - Found Element By : By.id: email
16:15:44.284 [main] INFO  testcases.LogTest - Trying to find Element By : By.id: passwd
16:15:44.301 [main] INFO  testcases.LogTest - Found Element By : By.id: passwd
16:15:44.396 [main] INFO  testcases.LogTest - Trying to find Element By : By.id: SubmitLogin
16:15:44.408 [main] INFO  testcases.LogTest - Found Element By : By.id: SubmitLogin
16:15:44.410 [main] INFO  testcases.LogTest - Trying to click on: [[ChromeDriver: chrome on WINDOWS (201110ee41da63e3811cdd270b0cf2f5)] -> id: SubmitLogin]
16:15:45.718 [main] INFO  testcases.LogTest - Clicked on: [[ChromeDriver: chrome on WINDOWS (201110ee41da63e3811cdd270b0cf2f5)] -> id: SubmitLogin]
16:15:45.718 [main] INFO  testcases.LogTest - Trying to find Element By : By.linkText: Sign out
16:15:55.807 [main] INFO  testcases.LogTest - Exception occured: org.openqa.selenium.NoSuchElementException: no such element: Unable to locate element: {"method":"link text","selector":"Sign out"}
  (Session info: headless chrome=100.0.4896.127)
For documentation on this error, please visit: https://www.seleniumhq.org/exceptions/no_such_element.html
Build info: version: '3.141.59', revision: 'e82be7d358', time: '2018-11-14T08:17:03'
System info: host: 'KAPIL_NEWASKAR', ip: '192.168.225.181', os.name: 'Windows 11', os.arch: 'amd64', os.version: '10.0', java.version: '17.0.2'
Driver info: org.openqa.selenium.chrome.ChromeDriver
Capabilities {acceptInsecureCerts: false, browserName: chrome, browserVersion: 100.0.4896.127, chrome: {chromedriverVersion: 99.0.4844.51 (d537ec02474b5..., userDataDir: C:\Users\KAPILN~1\AppData\L...}, goog:chromeOptions: {debuggerAddress: localhost:51736}, javascriptEnabled: true, networkConnectionEnabled: false, pageLoadStrategy: normal, platform: WINDOWS, platformName: WINDOWS, proxy: Proxy(), setWindowRect: true, strictFileInteractability: false, timeouts: {implicit: 0, pageLoad: 300000, script: 30000}, unhandledPromptBehavior: dismiss and notify, webauthn:extension:credBlob: true, webauthn:extension:largeBlob: true, webauthn:virtualAuthenticators: true}
Session ID: 201110ee41da63e3811cdd270b0cf2f5
*** Element info: {Using=link text, value=Sign out}
16:15:55.815 [main] INFO  testcases.LogTest - Trying to find Element By : By.linkText: Sign out
16:16:52.757 [main] INFO  testcases.LogTest - Trying to find Element By : By.linkText: Sign in
16:16:52.826 [main] INFO  testcases.LogTest - Found Element By : By.linkText: Sign in
16:16:52.836 [main] INFO  testcases.LogTest - Trying to click on: [[ChromeDriver: chrome on WINDOWS (f1d2c9832b082a81d033bda6c61012e3)] -> link text: Sign in]
16:16:55.315 [main] INFO  testcases.LogTest - Clicked on: [[ChromeDriver: chrome on WINDOWS (f1d2c9832b082a81d033bda6c61012e3)] -> link text: Sign in]
16:16:55.329 [main] INFO  testcases.LogTest - Trying to find Element By : By.id: SubmitLogin
16:16:55.353 [main] INFO  testcases.LogTest - Found Element By : By.id: SubmitLogin
16:16:55.391 [main] INFO  testcases.LogTest - Trying to find Element By : By.id: email
16:16:55.421 [main] INFO  testcases.LogTest - Found Element By : By.id: email
16:16:55.617 [main] INFO  testcases.LogTest - Trying to find Element By : By.id: passwd
16:16:55.683 [main] INFO  testcases.LogTest - Found Element By : By.id: passwd
16:16:55.803 [main] INFO  testcases.LogTest - Trying to find Element By : By.id: SubmitLogin
16:16:55.818 [main] INFO  testcases.LogTest - Found Element By : By.id: SubmitLogin
16:16:55.819 [main] INFO  testcases.LogTest - Trying to click on: [[ChromeDriver: chrome on WINDOWS (f1d2c9832b082a81d033bda6c61012e3)] -> id: SubmitLogin]
16:16:57.359 [main] INFO  testcases.LogTest - Clicked on: [[ChromeDriver: chrome on WINDOWS (f1d2c9832b082a81d033bda6c61012e3)] -> id: SubmitLogin]
16:16:57.359 [main] INFO  testcases.LogTest - Trying to find Element By : By.linkText: Sign out
16:17:07.404 [main] INFO  testcases.LogTest - Exception occured: org.openqa.selenium.NoSuchElementException: no such element: Unable to locate element: {"method":"link text","selector":"Sign out"}
  (Session info: chrome=100.0.4896.127)
For documentation on this error, please visit: https://www.seleniumhq.org/exceptions/no_such_element.html
Build info: version: '3.141.59', revision: 'e82be7d358', time: '2018-11-14T08:17:03'
System info: host: 'KAPIL_NEWASKAR', ip: '192.168.225.181', os.name: 'Windows 11', os.arch: 'amd64', os.version: '10.0', java.version: '17.0.2'
Driver info: org.openqa.selenium.chrome.ChromeDriver
Capabilities {acceptInsecureCerts: false, browserName: chrome, browserVersion: 100.0.4896.127, chrome: {chromedriverVersion: 99.0.4844.51 (d537ec02474b5..., userDataDir: C:\Users\KAPILN~1\AppData\L...}, goog:chromeOptions: {debuggerAddress: localhost:51772}, javascriptEnabled: true, networkConnectionEnabled: false, pageLoadStrategy: normal, platform: WINDOWS, platformName: WINDOWS, proxy: Proxy(), setWindowRect: true, strictFileInteractability: false, timeouts: {implicit: 0, pageLoad: 300000, script: 30000}, unhandledPromptBehavior: dismiss and notify, webauthn:extension:credBlob: true, webauthn:extension:largeBlob: true, webauthn:virtualAuthenticators: true}
Session ID: f1d2c9832b082a81d033bda6c61012e3
*** Element info: {Using=link text, value=Sign out}
16:17:07.420 [main] INFO  testcases.LogTest - Trying to find Element By : By.linkText: Sign out
16:17:17.521 [main] INFO  testcases.LogTest - Exception occured: org.openqa.selenium.NoSuchElementException: no such element: Unable to locate element: {"method":"link text","selector":"Sign out"}
  (Session info: chrome=100.0.4896.127)
For documentation on this error, please visit: https://www.seleniumhq.org/exceptions/no_such_element.html
Build info: version: '3.141.59', revision: 'e82be7d358', time: '2018-11-14T08:17:03'
System info: host: 'KAPIL_NEWASKAR', ip: '192.168.225.181', os.name: 'Windows 11', os.arch: 'amd64', os.version: '10.0', java.version: '17.0.2'
Driver info: org.openqa.selenium.chrome.ChromeDriver
Capabilities {acceptInsecureCerts: false, browserName: chrome, browserVersion: 100.0.4896.127, chrome: {chromedriverVersion: 99.0.4844.51 (d537ec02474b5..., userDataDir: C:\Users\KAPILN~1\AppData\L...}, goog:chromeOptions: {debuggerAddress: localhost:51772}, javascriptEnabled: true, networkConnectionEnabled: false, pageLoadStrategy: normal, platform: WINDOWS, platformName: WINDOWS, proxy: Proxy(), setWindowRect: true, strictFileInteractability: false, timeouts: {implicit: 0, pageLoad: 300000, script: 30000}, unhandledPromptBehavior: dismiss and notify, webauthn:extension:credBlob: true, webauthn:extension:largeBlob: true, webauthn:virtualAuthenticators: true}
Session ID: f1d2c9832b082a81d033bda6c61012e3
*** Element info: {Using=link text, value=Sign out}
16:17:17.992 [main] INFO  testcases.LogTest - Trying to find Element By : By.linkText: Sign in
16:17:18.022 [main] INFO  testcases.LogTest - Found Element By : By.linkText: Sign in
16:17:18.022 [main] INFO  testcases.LogTest - Trying to click on: [[ChromeDriver: chrome on WINDOWS (f1d2c9832b082a81d033bda6c61012e3)] -> link text: Sign in]
16:17:20.547 [main] INFO  testcases.LogTest - Clicked on: [[ChromeDriver: chrome on WINDOWS (f1d2c9832b082a81d033bda6c61012e3)] -> link text: Sign in]
16:17:20.547 [main] INFO  testcases.LogTest - Trying to find Element By : By.id: SubmitLogin
16:17:20.565 [main] INFO  testcases.LogTest - Found Element By : By.id: SubmitLogin
16:17:20.587 [main] INFO  testcases.LogTest - Trying to find Element By : By.id: email
16:17:20.605 [main] INFO  testcases.LogTest - Found Element By : By.id: email
16:17:20.770 [main] INFO  testcases.LogTest - Trying to find Element By : By.id: passwd
16:17:20.788 [main] INFO  testcases.LogTest - Found Element By : By.id: passwd
16:17:20.879 [main] INFO  testcases.LogTest - Trying to find Element By : By.id: SubmitLogin
16:17:20.894 [main] INFO  testcases.LogTest - Found Element By : By.id: SubmitLogin
16:17:20.898 [main] INFO  testcases.LogTest - Trying to click on: [[ChromeDriver: chrome on WINDOWS (f1d2c9832b082a81d033bda6c61012e3)] -> id: SubmitLogin]
16:17:22.717 [main] INFO  testcases.LogTest - Clicked on: [[ChromeDriver: chrome on WINDOWS (f1d2c9832b082a81d033bda6c61012e3)] -> id: SubmitLogin]
16:17:22.717 [main] INFO  testcases.LogTest - Trying to find Element By : By.linkText: Sign out
16:17:32.757 [main] INFO  testcases.LogTest - Exception occured: org.openqa.selenium.NoSuchElementException: no such element: Unable to locate element: {"method":"link text","selector":"Sign out"}
  (Session info: chrome=100.0.4896.127)
For documentation on this error, please visit: https://www.seleniumhq.org/exceptions/no_such_element.html
Build info: version: '3.141.59', revision: 'e82be7d358', time: '2018-11-14T08:17:03'
System info: host: 'KAPIL_NEWASKAR', ip: '192.168.225.181', os.name: 'Windows 11', os.arch: 'amd64', os.version: '10.0', java.version: '17.0.2'
Driver info: org.openqa.selenium.chrome.ChromeDriver
Capabilities {acceptInsecureCerts: false, browserName: chrome, browserVersion: 100.0.4896.127, chrome: {chromedriverVersion: 99.0.4844.51 (d537ec02474b5..., userDataDir: C:\Users\KAPILN~1\AppData\L...}, goog:chromeOptions: {debuggerAddress: localhost:51772}, javascriptEnabled: true, networkConnectionEnabled: false, pageLoadStrategy: normal, platform: WINDOWS, platformName: WINDOWS, proxy: Proxy(), setWindowRect: true, strictFileInteractability: false, timeouts: {implicit: 0, pageLoad: 300000, script: 30000}, unhandledPromptBehavior: dismiss and notify, webauthn:extension:credBlob: true, webauthn:extension:largeBlob: true, webauthn:virtualAuthenticators: true}
Session ID: f1d2c9832b082a81d033bda6c61012e3
*** Element info: {Using=link text, value=Sign out}
16:17:32.762 [main] INFO  testcases.LogTest - Trying to find Element By : By.linkText: Sign out
16:17:42.818 [main] INFO  testcases.LogTest - Exception occured: org.openqa.selenium.NoSuchElementException: no such element: Unable to locate element: {"method":"link text","selector":"Sign out"}
  (Session info: chrome=100.0.4896.127)
For documentation on this error, please visit: https://www.seleniumhq.org/exceptions/no_such_element.html
Build info: version: '3.141.59', revision: 'e82be7d358', time: '2018-11-14T08:17:03'
System info: host: 'KAPIL_NEWASKAR', ip: '192.168.225.181', os.name: 'Windows 11', os.arch: 'amd64', os.version: '10.0', java.version: '17.0.2'
Driver info: org.openqa.selenium.chrome.ChromeDriver
Capabilities {acceptInsecureCerts: false, browserName: chrome, browserVersion: 100.0.4896.127, chrome: {chromedriverVersion: 99.0.4844.51 (d537ec02474b5..., userDataDir: C:\Users\KAPILN~1\AppData\L...}, goog:chromeOptions: {debuggerAddress: localhost:51772}, javascriptEnabled: true, networkConnectionEnabled: false, pageLoadStrategy: normal, platform: WINDOWS, platformName: WINDOWS, proxy: Proxy(), setWindowRect: true, strictFileInteractability: false, timeouts: {implicit: 0, pageLoad: 300000, script: 30000}, unhandledPromptBehavior: dismiss and notify, webauthn:extension:credBlob: true, webauthn:extension:largeBlob: true, webauthn:virtualAuthenticators: true}
Session ID: f1d2c9832b082a81d033bda6c61012e3
*** Element info: {Using=link text, value=Sign out}
11:26:31.379 [main] DEBUG testcases.LogTest - i am from debug
11:26:31.460 [main] ERROR testcases.LogTest - i am from error
11:26:31.460 [main] INFO  testcases.LogTest - i am from info
11:26:31.460 [main] FATAL testcases.LogTest - i am from fatal===
11:28:42.927 [main] DEBUG testcases.LogTest - i am from debug
11:28:42.949 [main] ERROR testcases.LogTest - i am from error
11:28:42.950 [main] INFO  testcases.LogTest - i am from info
11:28:42.950 [main] FATAL testcases.LogTest - i am from fatal===
19:56:45.937 [main] INFO  testcases.LogTest - Trying to find Element By : By.id: search_query_top
19:56:47.112 [main] INFO  testcases.LogTest - Found Element By : By.id: search_query_top
19:56:48.076 [main] INFO  testcases.LogTest - Trying to find Element By : By.id: search_query_top
19:56:48.110 [main] INFO  testcases.LogTest - Found Element By : By.id: search_query_top
19:56:48.200 [main] INFO  testcases.LogTest - Trying to find Element By : By.name: submit_search
19:56:48.221 [main] INFO  testcases.LogTest - Found Element By : By.name: submit_search
19:56:48.222 [main] INFO  testcases.LogTest - Trying to click on: [[ChromeDriver: chrome on WINDOWS (5881f10e0558df0d89c965e3aced7467)] -> name: submit_search]
19:56:52.503 [main] INFO  testcases.LogTest - Clicked on: [[ChromeDriver: chrome on WINDOWS (5881f10e0558df0d89c965e3aced7467)] -> name: submit_search]
19:56:52.504 [main] INFO  testcases.LogTest - Trying to find Element By : By.linkText: Sign out
19:57:02.557 [main] INFO  testcases.LogTest - Exception occured: org.openqa.selenium.NoSuchElementException: no such element: Unable to locate element: {"method":"link text","selector":"Sign out"}
  (Session info: chrome=102.0.5005.115)
For documentation on this error, please visit: https://www.seleniumhq.org/exceptions/no_such_element.html
Build info: version: '3.141.59', revision: 'e82be7d358', time: '2018-11-14T08:17:03'
System info: host: 'KAPIL_NEWASKAR', ip: '192.168.10.3', os.name: 'Windows 11', os.arch: 'amd64', os.version: '10.0', java.version: '17.0.2'
Driver info: org.openqa.selenium.chrome.ChromeDriver
Capabilities {acceptInsecureCerts: false, browserName: chrome, browserVersion: 102.0.5005.115, chrome: {chromedriverVersion: 102.0.5005.61 (0e59bcc00cc4..., userDataDir: C:\Users\KAPILN~1\AppData\L...}, goog:chromeOptions: {debuggerAddress: localhost:57310}, javascriptEnabled: true, networkConnectionEnabled: false, pageLoadStrategy: normal, platform: WINDOWS, platformName: WINDOWS, proxy: Proxy(), setWindowRect: true, strictFileInteractability: false, timeouts: {implicit: 0, pageLoad: 300000, script: 30000}, unhandledPromptBehavior: dismiss and notify, webauthn:extension:credBlob: true, webauthn:extension:largeBlob: true, webauthn:virtualAuthenticators: true}
Session ID: 5881f10e0558df0d89c965e3aced7467
*** Element info: {Using=link text, value=Sign out}
19:57:03.161 [main] INFO  testcases.LogTest - Trying to find Element By : By.id: search_query_top
19:57:03.196 [main] INFO  testcases.LogTest - Found Element By : By.id: search_query_top
19:57:03.255 [main] INFO  testcases.LogTest - Trying to find Element By : By.id: search_query_top
19:57:03.268 [main] INFO  testcases.LogTest - Found Element By : By.id: search_query_top
19:57:03.347 [main] INFO  testcases.LogTest - Trying to find Element By : By.name: submit_search
19:57:03.368 [main] INFO  testcases.LogTest - Found Element By : By.name: submit_search
19:57:03.368 [main] INFO  testcases.LogTest - Trying to click on: [[ChromeDriver: chrome on WINDOWS (5881f10e0558df0d89c965e3aced7467)] -> name: submit_search]
19:57:10.529 [main] INFO  testcases.LogTest - Clicked on: [[ChromeDriver: chrome on WINDOWS (5881f10e0558df0d89c965e3aced7467)] -> name: submit_search]
19:57:10.533 [main] INFO  testcases.LogTest - Trying to find Element By : By.linkText: Sign out
19:57:20.646 [main] INFO  testcases.LogTest - Exception occured: org.openqa.selenium.NoSuchElementException: no such element: Unable to locate element: {"method":"link text","selector":"Sign out"}
  (Session info: chrome=102.0.5005.115)
For documentation on this error, please visit: https://www.seleniumhq.org/exceptions/no_such_element.html
Build info: version: '3.141.59', revision: 'e82be7d358', time: '2018-11-14T08:17:03'
System info: host: 'KAPIL_NEWASKAR', ip: '192.168.10.3', os.name: 'Windows 11', os.arch: 'amd64', os.version: '10.0', java.version: '17.0.2'
Driver info: org.openqa.selenium.chrome.ChromeDriver
Capabilities {acceptInsecureCerts: false, browserName: chrome, browserVersion: 102.0.5005.115, chrome: {chromedriverVersion: 102.0.5005.61 (0e59bcc00cc4..., userDataDir: C:\Users\KAPILN~1\AppData\L...}, goog:chromeOptions: {debuggerAddress: localhost:57310}, javascriptEnabled: true, networkConnectionEnabled: false, pageLoadStrategy: normal, platform: WINDOWS, platformName: WINDOWS, proxy: Proxy(), setWindowRect: true, strictFileInteractability: false, timeouts: {implicit: 0, pageLoad: 300000, script: 30000}, unhandledPromptBehavior: dismiss and notify, webauthn:extension:credBlob: true, webauthn:extension:largeBlob: true, webauthn:virtualAuthenticators: true}
Session ID: 5881f10e0558df0d89c965e3aced7467
*** Element info: {Using=link text, value=Sign out}
19:57:20.729 [main] INFO  testcases.LogTest - Trying to find Element By : By.id: search_query_top
19:57:20.758 [main] INFO  testcases.LogTest - Found Element By : By.id: search_query_top
19:57:20.811 [main] INFO  testcases.LogTest - Trying to find Element By : By.id: search_query_top
19:57:20.826 [main] INFO  testcases.LogTest - Found Element By : By.id: search_query_top
19:57:20.896 [main] INFO  testcases.LogTest - Trying to find Element By : By.name: submit_search
19:57:20.918 [main] INFO  testcases.LogTest - Found Element By : By.name: submit_search
19:57:20.919 [main] INFO  testcases.LogTest - Trying to click on: [[ChromeDriver: chrome on WINDOWS (5881f10e0558df0d89c965e3aced7467)] -> name: submit_search]
19:57:22.902 [main] INFO  testcases.LogTest - Clicked on: [[ChromeDriver: chrome on WINDOWS (5881f10e0558df0d89c965e3aced7467)] -> name: submit_search]
19:57:22.904 [main] INFO  testcases.LogTest - Trying to find Element By : By.linkText: Sign out
19:57:32.918 [main] INFO  testcases.LogTest - Exception occured: org.openqa.selenium.NoSuchElementException: no such element: Unable to locate element: {"method":"link text","selector":"Sign out"}
  (Session info: chrome=102.0.5005.115)
For documentation on this error, please visit: https://www.seleniumhq.org/exceptions/no_such_element.html
Build info: version: '3.141.59', revision: 'e82be7d358', time: '2018-11-14T08:17:03'
System info: host: 'KAPIL_NEWASKAR', ip: '192.168.10.3', os.name: 'Windows 11', os.arch: 'amd64', os.version: '10.0', java.version: '17.0.2'
Driver info: org.openqa.selenium.chrome.ChromeDriver
Capabilities {acceptInsecureCerts: false, browserName: chrome, browserVersion: 102.0.5005.115, chrome: {chromedriverVersion: 102.0.5005.61 (0e59bcc00cc4..., userDataDir: C:\Users\KAPILN~1\AppData\L...}, goog:chromeOptions: {debuggerAddress: localhost:57310}, javascriptEnabled: true, networkConnectionEnabled: false, pageLoadStrategy: normal, platform: WINDOWS, platformName: WINDOWS, proxy: Proxy(), setWindowRect: true, strictFileInteractability: false, timeouts: {implicit: 0, pageLoad: 300000, script: 30000}, unhandledPromptBehavior: dismiss and notify, webauthn:extension:credBlob: true, webauthn:extension:largeBlob: true, webauthn:virtualAuthenticators: true}
Session ID: 5881f10e0558df0d89c965e3aced7467
*** Element info: {Using=link text, value=Sign out}
