<?xml version="1.0" encoding="UTF-8"?>
<!-- Generated by org.testng.reporters.JUnitReportReporter -->
<testsuite hostname="Kapil_Newaskar" failures="0" tests="4" name="testcases.SignPage_Testcases001" time="6.153" errors="1" timestamp="2022-05-30T22:38:47 IST" skipped="3">
  <testcase classname="testcases.SignPage_Testcases001" name="signIn001" time="0.000">
    <skipped/>
  </testcase> <!-- signIn001 -->
  <system-out/>
  <testcase classname="testcases.SignPage_Testcases001" name="beforeClass" time="6.153">
    <error message="session not created: This version of ChromeDriver only supports Chrome version 99
Current browser version is 102.0.5005.63 with binary path C:\Program Files\Google\Chrome\Application\chrome.exe
Build info: version: &#039;3.141.59&#039;, revision: &#039;e82be7d358&#039;, time: &#039;2018-11-14T08:17:03&#039;
System info: host: &#039;KAPIL_NEWASKAR&#039;, ip: &#039;192.168.10.6&#039;, os.name: &#039;Windows 11&#039;, os.arch: &#039;amd64&#039;, os.version: &#039;10.0&#039;, java.version: &#039;17.0.2&#039;
Driver info: driver.version: ChromeDriver
remote stacktrace: Backtrace:
	Ordinal0 [0x005F9943+2595139]
	Ordinal0 [0x0058C9F1+2148849]
	Ordinal0 [0x00484528+1066280]
	Ordinal0 [0x004A42C3+1196739]
	Ordinal0 [0x0049FE37+1179191]
	Ordinal0 [0x0049D6F1+1169137]
	Ordinal0 [0x004D0530+1377584]
	Ordinal0 [0x004D018A+1376650]
	Ordinal0 [0x004CB806+1357830]
	Ordinal0 [0x004A6086+1204358]
	Ordinal0 [0x004A6F96+1208214]
	GetHandleVerifier [0x0079B232+1658114]
	GetHandleVerifier [0x0085312C+2411516]
	GetHandleVerifier [0x0068F261+560433]
	GetHandleVerifier [0x0068E366+556598]
	Ordinal0 [0x0059286B+2173035]
	Ordinal0 [0x005975F8+2192888]
	Ordinal0 [0x005976E5+2193125]
	Ordinal0 [0x005A11FC+2232828]
	BaseThreadInitThunk [0x75DE6739+25]
	RtlGetFullPathName_UEx [0x77E58FEF+1215]
	RtlGetFullPathName_UEx [0x77E58FBD+1165]
" type="org.openqa.selenium.SessionNotCreatedException">
      <![CDATA[org.openqa.selenium.SessionNotCreatedException: session not created: This version of ChromeDriver only supports Chrome version 99
Current browser version is 102.0.5005.63 with binary path C:\Program Files\Google\Chrome\Application\chrome.exe
Build info: version: '3.141.59', revision: 'e82be7d358', time: '2018-11-14T08:17:03'
System info: host: 'KAPIL_NEWASKAR', ip: '192.168.10.6', os.name: 'Windows 11', os.arch: 'amd64', os.version: '10.0', java.version: '17.0.2'
Driver info: driver.version: ChromeDriver
remote stacktrace: Backtrace:
Ordinal0 [0x005F9943+2595139]
Ordinal0 [0x0058C9F1+2148849]
Ordinal0 [0x00484528+1066280]
Ordinal0 [0x004A42C3+1196739]
Ordinal0 [0x0049FE37+1179191]
Ordinal0 [0x0049D6F1+1169137]
Ordinal0 [0x004D0530+1377584]
Ordinal0 [0x004D018A+1376650]
Ordinal0 [0x004CB806+1357830]
Ordinal0 [0x004A6086+1204358]
Ordinal0 [0x004A6F96+1208214]
GetHandleVerifier [0x0079B232+1658114]
GetHandleVerifier [0x0085312C+2411516]
GetHandleVerifier [0x0068F261+560433]
GetHandleVerifier [0x0068E366+556598]
Ordinal0 [0x0059286B+2173035]
Ordinal0 [0x005975F8+2192888]
Ordinal0 [0x005976E5+2193125]
Ordinal0 [0x005A11FC+2232828]
BaseThreadInitThunk [0x75DE6739+25]
RtlGetFullPathName_UEx [0x77E58FEF+1215]
RtlGetFullPathName_UEx [0x77E58FBD+1165]

at java.base/jdk.internal.reflect.NativeConstructorAccessorImpl.newInstance0(Native Method)
at java.base/jdk.internal.reflect.NativeConstructorAccessorImpl.newInstance(NativeConstructorAccessorImpl.java:77)
at java.base/jdk.internal.reflect.DelegatingConstructorAccessorImpl.newInstance(DelegatingConstructorAccessorImpl.java:45)
at java.base/java.lang.reflect.Constructor.newInstanceWithCaller(Constructor.java:499)
at java.base/java.lang.reflect.Constructor.newInstance(Constructor.java:480)
at org.openqa.selenium.remote.W3CHandshakeResponse.lambda$errorHandler$0(W3CHandshakeResponse.java:62)
at org.openqa.selenium.remote.HandshakeResponse.lambda$getResponseFunction$0(HandshakeResponse.java:30)
at org.openqa.selenium.remote.ProtocolHandshake.lambda$createSession$0(ProtocolHandshake.java:126)
at java.base/java.util.stream.ReferencePipeline$3$1.accept(ReferencePipeline.java:197)
at java.base/java.util.Spliterators$ArraySpliterator.tryAdvance(Spliterators.java:1002)
at java.base/java.util.stream.ReferencePipeline.forEachWithCancel(ReferencePipeline.java:129)
at java.base/java.util.stream.AbstractPipeline.copyIntoWithCancel(AbstractPipeline.java:527)
at java.base/java.util.stream.AbstractPipeline.copyInto(AbstractPipeline.java:513)
at java.base/java.util.stream.AbstractPipeline.wrapAndCopyInto(AbstractPipeline.java:499)
at java.base/java.util.stream.FindOps$FindOp.evaluateSequential(FindOps.java:150)
at java.base/java.util.stream.AbstractPipeline.evaluate(AbstractPipeline.java:234)
at java.base/java.util.stream.ReferencePipeline.findFirst(ReferencePipeline.java:647)
at org.openqa.selenium.remote.ProtocolHandshake.createSession(ProtocolHandshake.java:128)
at org.openqa.selenium.remote.ProtocolHandshake.createSession(ProtocolHandshake.java:74)
at org.openqa.selenium.remote.HttpCommandExecutor.execute(HttpCommandExecutor.java:136)
at org.openqa.selenium.remote.service.DriverCommandExecutor.execute(DriverCommandExecutor.java:83)
at org.openqa.selenium.remote.RemoteWebDriver.execute(RemoteWebDriver.java:552)
at org.openqa.selenium.remote.RemoteWebDriver.startSession(RemoteWebDriver.java:213)
at org.openqa.selenium.remote.RemoteWebDriver.<init>(RemoteWebDriver.java:131)
at org.openqa.selenium.chrome.ChromeDriver.<init>(ChromeDriver.java:181)
at org.openqa.selenium.chrome.ChromeDriver.<init>(ChromeDriver.java:168)
at org.openqa.selenium.chrome.ChromeDriver.<init>(ChromeDriver.java:123)
at base.TestBase.beforeClass(TestBase.java:69)
at java.base/jdk.internal.reflect.NativeMethodAccessorImpl.invoke0(Native Method)
at java.base/jdk.internal.reflect.NativeMethodAccessorImpl.invoke(NativeMethodAccessorImpl.java:77)
at java.base/jdk.internal.reflect.DelegatingMethodAccessorImpl.invoke(DelegatingMethodAccessorImpl.java:43)
at java.base/java.lang.reflect.Method.invoke(Method.java:568)
at org.testng.internal.invokers.MethodInvocationHelper.invokeMethod(MethodInvocationHelper.java:135)
at org.testng.internal.invokers.MethodInvocationHelper.invokeMethodConsideringTimeout(MethodInvocationHelper.java:65)
at org.testng.internal.invokers.ConfigInvoker.invokeConfigurationMethod(ConfigInvoker.java:381)
at org.testng.internal.invokers.ConfigInvoker.invokeConfigurations(ConfigInvoker.java:319)
at org.testng.internal.invokers.TestMethodWorker.invokeBeforeClassMethods(TestMethodWorker.java:178)
at org.testng.internal.invokers.TestMethodWorker.run(TestMethodWorker.java:122)
at java.base/java.util.ArrayList.forEach(ArrayList.java:1511)
at org.testng.TestRunner.privateRun(TestRunner.java:808)
at org.testng.TestRunner.run(TestRunner.java:603)
at org.testng.SuiteRunner.runTest(SuiteRunner.java:429)
at org.testng.SuiteRunner.runSequentially(SuiteRunner.java:423)
at org.testng.SuiteRunner.privateRun(SuiteRunner.java:383)
at org.testng.SuiteRunner.run(SuiteRunner.java:326)
at org.testng.SuiteRunnerWorker.runSuite(SuiteRunnerWorker.java:52)
at org.testng.SuiteRunnerWorker.run(SuiteRunnerWorker.java:95)
at org.testng.TestNG.runSuitesSequentially(TestNG.java:1249)
at org.testng.TestNG.runSuitesLocally(TestNG.java:1169)
at org.testng.TestNG.runSuites(TestNG.java:1092)
at org.testng.TestNG.run(TestNG.java:1060)
at org.testng.remote.AbstractRemoteTestNG.run(AbstractRemoteTestNG.java:115)
at org.testng.remote.RemoteTestNG.initAndRun(RemoteTestNG.java:251)
at org.testng.remote.RemoteTestNG.main(RemoteTestNG.java:77)
]]>
    </error>
  </testcase> <!-- beforeClass -->
  <system-out/>
  <testcase classname="testcases.SignPage_Testcases001" name="createAccountTest001" time="0.000">
    <skipped/>
  </testcase> <!-- createAccountTest001 -->
  <system-out/>
  <testcase classname="testcases.SignPage_Testcases001" name="signIn002" time="0.000">
    <skipped/>
  </testcase> <!-- signIn002 -->
  <system-out/>
</testsuite> <!-- testcases.SignPage_Testcases001 -->
